JvmtiExport can_access_local_variables 0
JvmtiExport can_hotswap_or_post_breakpoint 0
JvmtiExport can_post_on_exceptions 0
# 252 ciObject found
ciMethod java/lang/Object <init> ()V 4097 1 2777413 0 -1
ciMethod java/lang/Class isInterface ()Z 2049 1 256 0 -1
ciMethod java/lang/Class isPrimitive ()Z 2049 1 256 0 -1
ciMethod java/util/List add (Ljava/lang/Object;)Z 0 0 1 0 -1
ciMethod java/util/AbstractList <init> ()V 2049 1 201085 0 -1
ciMethod java/util/AbstractCollection <init> ()V 369 1 382701 0 -1
ciMethod java/util/ArrayList <init> ()V 1241 1 113339 0 -1
ciMethod java/lang/reflect/Modifier isPrivate (I)Z 4097 1 52769 0 -1
ciMethod java/lang/reflect/Modifier isStatic (I)Z 2049 1 43469 0 -1
ciMethodData java/lang/Object <init> ()V 2 2777413 orig 264 136 160 72 95 0 0 0 0 128 4 145 5 0 0 0 0 32 1 0 0 0 0 0 0 0 0 0 0 0 0 0 0 0 0 0 0 0 0 0 0 0 0 0 0 0 0 0 0 0 0 0 0 0 0 0 0 0 0 0 0 0 0 0 0 0 0 0 0 0 0 0 0 0 0 0 0 0 0 0 0 77 68 79 32 101 120 116 114 97 32 100 97 116 97 32 108 111 99 107 0 0 0 0 0 0 0 0 0 0 0 0 0 0 0 0 0 0 0 0 0 0 0 0 0 0 0 0 0 0 0 0 0 0 0 0 0 0 0 0 0 0 0 0 0 0 0 0 0 0 0 0 0 0 0 0 0 0 0 0 0 0 0 0 0 0 0 0 0 0 0 0 0 0 0 0 0 0 0 0 0 0 0 0 0 1 0 0 0 0 0 0 0 1 0 0 0 0 0 0 0 1 0 0 0 0 0 0 0 0 0 0 0 0 0 0 0 0 2 0 0 41 250 82 1 1 0 0 0 0 0 0 0 0 0 0 0 2 0 0 0 0 0 3 0 1 0 0 0 0 0 0 0 255 255 255 255 0 0 0 0 0 0 0 0 data 0 oops 0
ciMethodData java/util/AbstractCollection <init> ()V 2 382702 orig 264 136 160 72 95 0 0 0 0 56 86 157 5 0 0 0 0 48 1 0 0 0 0 0 0 0 0 0 0 0 0 0 0 0 0 0 0 0 0 0 0 0 0 0 0 0 0 0 0 0 0 0 0 0 0 0 0 0 0 0 0 0 0 0 0 0 0 0 0 0 0 0 0 0 0 0 0 0 0 0 0 77 68 79 32 101 120 116 114 97 32 100 97 116 97 32 108 111 99 107 0 0 0 0 0 0 0 0 0 0 0 0 0 0 0 0 0 0 0 0 0 0 0 0 0 0 0 0 0 0 0 0 0 0 0 0 0 0 0 0 0 0 0 0 0 0 0 0 0 0 0 0 0 0 0 0 0 0 0 0 0 0 0 0 0 0 0 0 0 0 0 0 0 0 0 0 0 0 0 0 0 0 0 0 0 1 0 0 0 0 0 0 0 0 0 0 0 0 0 0 0 1 0 0 0 0 0 0 0 0 0 0 0 0 0 0 0 46 0 0 0 1 182 46 0 1 0 0 0 0 0 0 0 0 0 0 0 2 0 0 0 0 0 3 0 2 0 0 0 16 0 0 0 255 255 255 255 2 0 1 0 0 0 0 0 data 2 0x10002 0x5d6c0 oops 0
ciMethodData java/util/AbstractList <init> ()V 2 201085 orig 264 136 160 72 95 0 0 0 0 208 66 157 5 0 0 0 0 48 1 0 0 0 0 0 0 0 0 0 0 0 0 0 0 0 0 0 0 0 0 0 0 0 0 0 0 0 0 0 0 0 0 0 0 0 0 0 0 0 0 0 0 0 0 0 0 0 0 0 0 0 0 0 0 0 0 0 0 0 0 0 0 77 68 79 32 101 120 116 114 97 32 100 97 116 97 32 108 111 99 107 0 0 0 0 0 0 0 0 0 0 0 0 0 0 0 0 0 0 0 0 0 0 0 0 0 0 0 0 0 0 0 0 0 0 0 0 0 0 0 0 0 0 0 0 0 0 0 0 0 0 0 0 0 0 0 0 0 0 0 0 0 0 0 0 0 0 0 0 0 0 0 0 0 0 0 0 0 0 0 0 0 0 0 0 0 1 0 0 0 0 0 0 0 0 0 0 0 0 0 0 0 1 0 0 0 0 0 0 0 0 0 0 0 0 0 0 0 0 1 0 0 233 131 24 0 1 0 0 0 0 0 0 0 0 0 0 0 2 0 0 0 0 0 3 0 2 0 0 0 16 0 0 0 255 255 255 255 2 0 1 0 0 0 0 0 data 2 0x10002 0x3107d oops 0
ciMethodData java/util/ArrayList <init> ()V 2 113339 orig 264 136 160 72 95 0 0 0 0 64 131 159 5 0 0 0 0 48 1 0 0 0 0 0 0 0 0 0 0 0 0 0 0 0 0 0 0 0 0 0 0 0 0 0 0 0 0 0 0 0 0 0 0 0 0 0 0 0 0 0 0 0 0 0 0 0 0 0 0 0 0 0 0 0 0 0 0 0 0 0 0 77 68 79 32 101 120 116 114 97 32 100 97 116 97 32 108 111 99 107 0 0 0 0 0 0 0 0 0 0 0 0 0 0 0 0 0 0 0 0 0 0 0 0 0 0 0 0 0 0 0 0 0 0 0 0 0 0 0 0 0 0 0 0 0 0 0 0 0 0 0 0 0 0 0 0 0 0 0 0 0 0 0 0 0 0 0 0 0 0 0 0 0 0 0 0 0 0 0 0 0 0 0 0 0 0 0 0 0 0 0 0 0 0 0 0 0 0 0 0 0 0 0 0 0 0 0 0 0 0 0 0 0 0 0 0 0 155 0 0 0 1 209 13 0 1 0 0 0 0 0 0 0 0 0 0 0 2 0 0 0 0 0 3 0 2 0 0 0 16 0 0 0 255 255 255 255 2 0 1 0 0 0 0 0 data 2 0x10002 0x1ba20 oops 0
ciMethod sun/reflect/MethodAccessorGenerator emitInvoke ()V 2433 1161 432 0 -1
ciMethod sun/reflect/MethodAccessorGenerator isInterface ()Z 2049 1 622 0 -1
ciMethod sun/reflect/AccessorGenerator add (SS)S 2049 1 1957 0 -1
ciMethod sun/reflect/AccessorGenerator isStatic ()Z 2049 1 366 0 -1
ciMethod sun/reflect/AccessorGenerator isPrivate ()Z 457 1 57 0 -1
ciMethod sun/reflect/AccessorGenerator emitMethod (SILsun/reflect/ClassFileAssembler;Lsun/reflect/ClassFileAssembler;[S)V 3073 1537 880 0 -1
ciMethod sun/reflect/AccessorGenerator indexForPrimitiveType (Ljava/lang/Class;)S 249 1 30 0 -1
ciMethod sun/reflect/AccessorGenerator ctorIndexForPrimitiveType (Ljava/lang/Class;)S 57 1 7 0 -1
ciMethod sun/reflect/AccessorGenerator canWidenTo (Ljava/lang/Class;Ljava/lang/Class;)Z 449 1 56 0 -1
ciMethod sun/reflect/AccessorGenerator emitWideningBytecodeForPrimitiveConversion (Lsun/reflect/ClassFileAssembler;Ljava/lang/Class;Ljava/lang/Class;)V 129 1 16 0 -1
ciMethod sun/reflect/AccessorGenerator unboxingMethodForPrimitiveType (Ljava/lang/Class;)S 129 1 16 0 -1
ciMethod sun/reflect/AccessorGenerator isPrimitive (Ljava/lang/Class;)Z 2049 1 784 0 -1
ciMethod sun/reflect/AccessorGenerator typeSizeInStackSlots (Ljava/lang/Class;)I 2049 1 418 0 -1
ciMethod sun/reflect/ByteVectorFactory create ()Lsun/reflect/ByteVector; 2049 1 1732 0 -1
ciMethod sun/reflect/ByteVector getLength ()I 0 0 1 0 -1
ciMethod sun/reflect/ByteVector add (B)V 0 0 1 0 -1
ciMethod sun/reflect/ByteVectorImpl <init> ()V 2049 1 1732 0 -1
ciMethod sun/reflect/ByteVectorImpl <init> (I)V 2049 1 1732 0 -1
ciMethod sun/reflect/ByteVectorImpl getLength ()I 2761 1 42234 0 -1
ciMethod sun/reflect/ByteVectorImpl add (B)V 4097 1 7443 0 -1
ciMethod sun/reflect/ClassFileAssembler <init> ()V 2049 1 1299 0 -1
ciMethod sun/reflect/ClassFileAssembler <init> (Lsun/reflect/ByteVector;)V 2737 1 1732 0 -1
ciMethod sun/reflect/ClassFileAssembler getLength ()S 2057 1 6114 0 -1
ciMethod sun/reflect/ClassFileAssembler emitShort (S)V 2097 1 46232 0 -1
ciMethod sun/reflect/ClassFileAssembler emitByte (B)V 4097 1 194821 0 -1
ciMethod sun/reflect/ClassFileAssembler incStack ()V 2049 1 5952 0 -1
ciMethod sun/reflect/ClassFileAssembler decStack ()V 2049 1 709 0 -1
ciMethod sun/reflect/ClassFileAssembler getMaxLocals ()S 3073 1 1760 0 -1
ciMethod sun/reflect/ClassFileAssembler setMaxLocals (I)V 3073 1 866 0 -1
ciMethod sun/reflect/ClassFileAssembler getStack ()I 1025 1 128 0 -1
ciMethod sun/reflect/ClassFileAssembler setStack (I)V 2169 1 12260 0 -1
ciMethod sun/reflect/ClassFileAssembler opc_aconst_null ()V 417 1 52 0 -1
ciMethod sun/reflect/ClassFileAssembler opc_sipush (S)V 2049 1 648 0 -1
ciMethod sun/reflect/ClassFileAssembler opc_aload_1 ()V 2057 1 915 0 -1
ciMethod sun/reflect/ClassFileAssembler opc_aload_2 ()V 2065 1 403 0 -1
ciMethod sun/reflect/ClassFileAssembler opc_aload_3 ()V 241 1 30 0 -1
ciMethod sun/reflect/ClassFileAssembler opc_aaload ()V 1689 1 211 0 -1
ciMethod sun/reflect/ClassFileAssembler opc_astore_2 ()V 9 1 1 0 -1
ciMethod sun/reflect/ClassFileAssembler opc_astore_3 ()V 49 1 6 0 -1
ciMethod sun/reflect/ClassFileAssembler opc_dup ()V 2049 1 877 0 -1
ciMethod sun/reflect/ClassFileAssembler opc_dup_x1 ()V 3137 1 880 0 -1
ciMethod sun/reflect/ClassFileAssembler opc_swap ()V 3137 1 880 0 -1
ciMethod sun/reflect/ClassFileAssembler opc_ifeq (Lsun/reflect/Label;)V 129 1 16 0 -1
ciMethod sun/reflect/ClassFileAssembler opc_if_icmpeq (Lsun/reflect/Label;)V 3081 1 437 0 -1
ciMethod sun/reflect/ClassFileAssembler opc_goto (Lsun/reflect/Label;)V 129 1 16 0 -1
ciMethod sun/reflect/ClassFileAssembler opc_ifnull (Lsun/reflect/Label;)V 2481 1 310 0 -1
ciMethod sun/reflect/ClassFileAssembler opc_ifnonnull (Lsun/reflect/Label;)V 1449 1 181 0 -1
ciMethod sun/reflect/ClassFileAssembler opc_areturn ()V 3081 1 440 0 -1
ciMethod sun/reflect/ClassFileAssembler opc_invokevirtual (SII)V 1121 1 140 0 -1
ciMethod sun/reflect/ClassFileAssembler opc_invokespecial (SII)V 2081 1 2627 0 -1
ciMethod sun/reflect/ClassFileAssembler opc_invokestatic (SII)V 25 1 3 0 -1
ciMethod sun/reflect/ClassFileAssembler opc_invokeinterface (SIBI)V 457 1 57 0 -1
ciMethod sun/reflect/ClassFileAssembler opc_arraylength ()V 3081 1 437 0 -1
ciMethod sun/reflect/ClassFileAssembler opc_new (S)V 2049 1 1740 0 -1
ciMethod sun/reflect/ClassFileAssembler opc_athrow ()V 2049 1 1496 0 -1
ciMethod sun/reflect/ClassFileAssembler opc_checkcast (S)V 3089 1 401 0 -1
ciMethod sun/reflect/ClassFileAssembler opc_instanceof (S)V 129 1 16 0 -1
ciMethodData sun/reflect/ClassFileAssembler emitByte (B)V 2 194822 orig 264 136 160 72 95 0 0 0 0 104 235 246 5 0 0 0 0 128 1 0 0 0 0 0 0 0 0 0 0 0 0 0 0 0 0 0 0 0 0 0 0 0 0 0 0 0 0 0 0 0 0 0 0 0 0 0 0 0 0 0 0 0 0 0 0 0 0 0 0 0 0 0 0 0 0 0 0 0 0 0 0 77 68 79 32 101 120 116 114 97 32 100 97 116 97 32 108 111 99 107 0 0 0 0 0 0 0 0 0 0 0 0 0 0 0 0 0 0 0 0 0 0 0 0 0 0 0 0 0 0 0 0 0 0 0 0 0 0 0 0 0 0 0 0 0 0 0 0 0 0 0 0 0 0 0 0 0 0 0 0 0 0 0 0 0 0 0 0 0 0 0 0 0 0 0 0 0 0 0 0 0 0 0 0 0 0 0 0 0 0 0 0 0 0 0 0 0 0 0 0 0 0 0 0 0 0 0 0 0 0 0 0 0 0 0 0 0 0 2 0 0 49 184 23 0 1 0 0 0 0 0 0 0 0 0 0 0 2 0 0 0 0 0 3 0 2 0 0 0 48 0 0 0 255 255 255 255 5 0 5 0 0 0 0 0 data 6 0x50005 0x0 0x9afd180 0x2f706 0x0 0x0 oops 1 2 sun/reflect/ByteVectorImpl
ciMethodData sun/reflect/ByteVectorImpl add (B)V 2 7443 orig 264 136 160 72 95 0 0 0 0 224 215 246 5 0 0 0 0 88 1 0 0 0 0 0 0 0 0 0 0 0 0 0 0 0 0 0 0 0 0 0 0 0 0 0 0 0 0 0 0 0 0 0 0 0 0 0 0 0 0 0 0 0 0 0 0 0 0 0 0 0 0 0 0 0 0 0 0 0 0 0 0 77 68 79 32 101 120 116 114 97 32 100 97 116 97 32 108 111 99 107 0 0 0 0 0 0 0 0 0 0 0 0 0 0 0 0 0 0 0 0 0 0 0 0 0 0 0 0 0 0 0 0 0 0 0 0 0 0 0 0 0 0 0 0 0 0 0 0 0 0 0 0 0 0 0 0 0 0 0 0 0 0 0 0 0 0 0 0 0 0 0 0 0 0 0 0 0 0 0 0 0 0 0 0 0 0 0 0 0 0 0 0 0 0 0 0 0 0 0 0 0 0 0 0 0 0 0 0 0 0 0 0 0 0 0 0 0 0 2 0 0 153 216 0 0 1 0 0 0 0 0 0 0 0 0 0 0 2 0 0 0 0 0 6 0 2 0 0 0 48 0 0 0 255 255 255 255 7 0 16 0 0 0 0 0 data 6 0x100007 0x1b01 0x30 0x12 0x180002 0x12 oops 0
ciMethod sun/reflect/Label <init> ()V 3073 1 636 0 -1
ciMethod sun/reflect/Label add (Lsun/reflect/ClassFileAssembler;SSI)V 2065 1 960 0 -1
ciMethod sun/reflect/Label bind ()V 3073 4849 640 0 -1
ciMethod sun/reflect/Label$PatchInfo <init> (Lsun/reflect/ClassFileAssembler;SSI)V 2065 1 960 0 -1
ciMethodData sun/reflect/ClassFileAssembler emitShort (S)V 2 46240 orig 264 136 160 72 95 0 0 0 0 24 234 246 5 0 0 0 0 176 1 0 0 0 0 0 0 0 0 0 0 0 0 0 0 0 0 0 0 0 0 0 0 0 0 0 0 0 0 0 0 0 0 0 0 0 0 0 0 0 0 0 0 0 0 0 0 0 0 0 0 0 0 0 0 0 0 0 0 0 0 0 0 77 68 79 32 101 120 116 114 97 32 100 97 116 97 32 108 111 99 107 0 0 0 0 0 0 0 0 0 0 0 0 0 0 0 0 0 0 0 0 0 0 0 0 0 0 0 0 0 0 0 0 0 0 0 0 0 0 0 0 0 0 0 0 0 0 0 0 0 0 0 0 0 0 0 0 0 0 0 0 0 0 0 0 0 0 0 0 0 0 0 0 0 0 0 0 0 0 0 0 0 0 0 0 0 0 0 0 0 0 0 0 0 0 0 0 0 0 0 0 0 0 0 0 0 0 0 0 0 0 0 0 0 0 0 0 0 6 1 0 0 201 156 5 0 1 0 0 0 0 0 0 0 0 0 0 0 2 0 0 0 0 0 3 0 2 0 0 0 96 0 0 0 255 255 255 255 5 0 10 0 0 0 0 0 data 12 0xa0005 0x0 0xabbc380 0xb399 0x0 0x0 0x140005 0x0 0xabbc380 0xb399 0x0 0x0 oops 2 2 sun/reflect/ClassFileAssembler 8 sun/reflect/ClassFileAssembler
ciMethodData sun/reflect/ByteVectorImpl getLength ()I 2 42234 orig 264 136 160 72 95 0 0 0 0 200 213 246 5 0 0 0 0 32 1 0 0 0 0 0 0 0 0 0 0 0 0 0 0 0 0 0 0 0 0 0 0 0 0 0 0 0 0 0 0 0 0 0 0 0 0 0 0 0 0 0 0 0 0 0 0 0 0 0 0 0 0 0 0 0 0 0 0 0 0 0 0 77 68 79 32 101 120 116 114 97 32 100 97 116 97 32 108 111 99 107 0 0 0 0 0 0 0 0 0 0 0 0 0 0 0 0 0 0 0 0 0 0 0 0 0 0 0 0 0 0 0 0 0 0 0 0 0 0 0 0 0 0 0 0 0 0 0 0 0 0 0 0 0 0 0 0 0 0 0 0 0 0 0 0 0 0 0 0 0 0 0 0 0 0 0 0 0 0 0 0 0 0 0 0 0 0 0 0 0 0 0 0 0 0 0 0 0 0 0 0 0 0 0 0 0 0 0 0 0 0 0 0 0 0 0 0 0 89 1 0 0 9 29 5 0 1 0 0 0 0 0 0 0 0 0 0 0 2 0 0 0 0 0 3 0 1 0 0 0 0 0 0 0 255 255 255 255 0 0 0 0 0 0 0 0 data 0 oops 0
ciMethodData sun/reflect/ClassFileAssembler setStack (I)V 2 12260 orig 264 136 160 72 95 0 0 0 0 128 246 246 5 0 0 0 0 72 1 0 0 0 0 0 0 0 0 0 0 0 0 0 0 0 0 0 0 0 0 0 0 0 0 0 0 0 0 0 0 0 0 0 0 0 0 0 0 0 0 0 0 0 0 0 0 0 0 0 0 0 0 0 0 0 0 0 0 0 0 0 0 77 68 79 32 101 120 116 114 97 32 100 97 116 97 32 108 111 99 107 0 0 0 0 0 0 0 0 0 0 0 0 0 0 0 0 0 0 0 0 0 0 0 0 0 0 0 0 0 0 0 0 0 0 0 0 0 0 0 0 0 0 0 0 0 0 0 0 0 0 0 0 0 0 0 0 0 0 0 0 0 0 0 0 0 0 0 0 0 0 0 0 0 0 0 0 0 0 0 0 0 0 0 0 0 0 0 0 0 0 0 0 0 0 0 0 0 0 0 0 0 0 0 0 0 0 0 0 0 0 0 0 0 0 0 0 0 15 1 0 0 169 118 1 0 1 0 0 0 0 0 0 0 0 0 0 0 2 0 0 0 0 0 6 0 2 0 0 0 32 0 0 0 255 255 255 255 7 0 13 0 0 0 0 0 data 4 0xd0007 0x23bb 0x20 0xb1a oops 0
ciMethodData sun/reflect/ClassFileAssembler getLength ()S 2 6118 orig 264 136 160 72 95 0 0 0 0 8 232 246 5 0 0 0 0 120 1 0 0 0 0 0 0 0 0 0 0 0 0 0 0 0 0 0 0 0 0 0 0 0 0 0 0 0 0 0 0 0 0 0 0 0 0 0 0 0 0 0 0 0 0 0 0 0 0 0 0 0 0 0 0 0 0 0 0 0 0 0 0 77 68 79 32 101 120 116 114 97 32 100 97 116 97 32 108 111 99 107 0 0 0 0 0 0 0 0 0 0 0 0 0 0 0 0 0 0 0 0 0 0 0 0 0 0 0 0 0 0 0 0 0 0 0 0 0 0 0 0 0 0 0 0 0 0 0 0 0 0 0 0 0 0 0 0 0 0 0 0 0 0 0 0 0 0 0 0 0 0 0 0 0 0 0 0 0 0 0 0 0 0 0 0 0 0 0 0 0 0 0 0 0 0 0 0 0 0 0 0 0 0 0 0 0 0 0 0 0 0 0 0 0 0 0 0 0 1 1 0 0 41 183 0 0 1 0 0 0 0 0 0 0 0 0 0 0 2 0 0 0 0 0 3 0 2 0 0 0 48 0 0 0 255 255 255 255 5 0 4 0 0 0 0 0 data 6 0x40005 0x0 0x9afd180 0x16e5 0x0 0x0 oops 1 2 sun/reflect/ByteVectorImpl
ciMethodData java/lang/reflect/Modifier isStatic (I)Z 2 43469 orig 264 136 160 72 95 0 0 0 0 56 153 161 5 0 0 0 0 88 1 0 0 0 0 0 0 0 0 0 0 0 0 0 0 0 0 0 0 0 0 0 0 0 0 0 0 0 0 0 0 0 0 0 0 0 0 0 0 0 0 0 0 0 0 0 0 0 0 0 0 0 0 0 0 0 0 0 0 0 0 0 0 77 68 79 32 101 120 116 114 97 32 100 97 116 97 32 108 111 99 107 0 0 0 0 0 0 0 0 0 0 0 0 0 0 0 0 0 0 0 0 0 0 0 0 0 0 0 0 0 0 0 0 0 0 0 0 0 0 0 0 0 0 0 0 0 0 0 0 0 0 0 0 0 0 0 0 0 0 0 0 0 0 0 0 0 0 0 0 0 0 0 0 0 0 0 0 0 0 0 0 0 0 0 0 0 25 0 0 0 0 0 0 0 0 0 0 0 0 0 0 0 0 0 0 0 0 0 0 0 0 0 0 0 0 0 0 0 0 1 0 0 105 70 5 0 1 0 0 0 0 0 0 0 0 0 0 0 2 0 0 0 0 0 6 0 2 0 0 0 56 0 0 0 255 255 255 255 7 0 4 0 0 0 0 0 data 7 0x40007 0x9d13 0x38 0xbba 0x80003 0xbba 0x18 oops 0
ciMethodData sun/reflect/ClassFileAssembler incStack ()V 2 5952 orig 264 136 160 72 95 0 0 0 0 208 242 246 5 0 0 0 0 120 1 0 0 0 0 0 0 0 0 0 0 0 0 0 0 0 0 0 0 0 0 0 0 0 0 0 0 0 0 0 0 0 0 0 0 0 0 0 0 0 0 0 0 0 0 0 0 0 0 0 0 0 0 0 0 0 0 0 0 0 0 0 0 77 68 79 32 101 120 116 114 97 32 100 97 116 97 32 108 111 99 107 0 0 0 0 0 0 0 0 0 0 0 0 0 0 0 0 0 0 0 0 0 0 0 0 0 0 0 0 0 0 0 0 0 0 0 0 0 0 0 0 0 0 0 0 0 0 0 0 0 0 0 0 0 0 0 0 0 0 0 0 0 0 0 0 0 0 0 0 0 0 0 0 0 0 0 0 0 0 0 0 0 0 0 0 0 0 0 0 0 0 0 0 0 0 0 0 0 0 0 0 0 0 0 0 0 0 0 0 0 0 0 0 0 0 0 0 0 0 1 0 0 1 178 0 0 1 0 0 0 0 0 0 0 0 0 0 0 2 0 0 0 0 0 7 0 2 0 0 0 48 0 0 0 255 255 255 255 5 0 7 0 0 0 0 0 data 6 0x70005 0x0 0xabbc380 0x1640 0x0 0x0 oops 1 2 sun/reflect/ClassFileAssembler
ciMethodData sun/reflect/ClassFileAssembler opc_invokespecial (SII)V 2 2627 orig 264 136 160 72 95 0 0 0 0 128 29 247 5 0 0 0 0 32 2 0 0 0 0 0 0 0 0 0 0 0 0 0 0 0 0 0 0 0 0 0 0 0 0 0 0 0 0 0 0 0 0 0 0 0 0 0 0 0 0 0 0 0 0 0 0 0 0 0 0 0 0 0 0 0 0 0 0 0 0 0 0 77 68 79 32 101 120 116 114 97 32 100 97 116 97 32 108 111 99 107 0 0 0 0 0 0 0 0 0 0 0 0 0 0 0 0 0 0 0 0 0 0 0 0 0 0 0 0 0 0 0 0 0 0 0 0 0 0 0 0 0 0 0 0 0 0 0 0 0 0 0 0 0 0 0 0 0 0 0 0 0 0 0 0 0 0 0 0 0 0 0 0 0 0 0 0 0 0 0 0 0 0 0 0 0 0 0 0 0 0 0 0 0 0 0 0 0 0 0 0 0 0 0 0 0 0 0 0 0 0 0 0 0 0 0 0 0 4 1 0 0 249 73 0 0 1 0 0 0 0 0 0 0 0 0 0 0 2 0 0 0 0 0 7 0 2 0 0 0 192 0 0 0 255 255 255 255 5 0 3 0 0 0 0 0 data 24 0x30005 0x0 0xabbc380 0x93f 0x0 0x0 0x80005 0x0 0xabbc380 0x93f 0x0 0x0 0xd0005 0x0 0xabbc380 0x93f 0x0 0x0 0x160005 0x0 0xabbc380 0x93f 0x0 0x0 oops 4 2 sun/reflect/ClassFileAssembler 8 sun/reflect/ClassFileAssembler